<?xml version="1.0" encoding="UTF-8"?>
<!-- Generated by org.testng.reporters.JUnitXMLReporter -->
<testsuite ignored="0" hostname="Classroom-201" failures="0" tests="2" name="Test" time="0.123" errors="0" timestamp="2024-05-28T10:24:27 IST">
  <testcase classname="com.OrangeHRM.basePage.BaseTest" name="@BeforeClass OpenBrowser" time="0.073">
    <failure type="java.lang.IllegalStateException" message="The driver executable does not exist: C:\Users\QSPR\eclipse-workspace1\Hybrid_Framework\.\software\chromedriver.exe">
      <![CDATA[java.lang.IllegalStateException: The driver executable does not exist: C:\Users\QSPR\eclipse-workspace1\Hybrid_Framework\.\software\chromedriver.exe
at com.google.common.base.Preconditions.checkState(Preconditions.java:585)
at org.openqa.selenium.remote.service.DriverService.checkExecutable(DriverService.java:146)
at org.openqa.selenium.remote.service.DriverService.findExecutable(DriverService.java:141)
at org.openqa.selenium.chrome.ChromeDriverService.access$000(ChromeDriverService.java:35)
at org.openqa.selenium.chrome.ChromeDriverService$Builder.findDefaultExecutable(ChromeDriverService.java:159)
at org.openqa.selenium.remote.service.DriverService$Builder.build(DriverService.java:355)
at org.openqa.selenium.chrome.ChromeDriverService.createDefaultService(ChromeDriverService.java:94)
at org.openqa.selenium.chrome.ChromeDriver.<init>(ChromeDriver.java:123)
at com.OrangeHRM.basePage.BaseTest.OpenBrowser(BaseTest.java:36)
at java.base/java.util.ArrayList.forEach(ArrayList.java:1511)
... Removed 25 stack frames]]>
    </failure>
  </testcase> <!-- @BeforeClass OpenBrowser -->
  <testcase classname="com.OrangeHRM.basePage.BaseTest" name="@BeforeMethod Login" time="-1.716872067211E9">
    <skipped/>
  </testcase> <!-- @BeforeMethod Login -->
  <testcase classname="com.OrangeHRM.basePage.BaseTest" name="@AfterMethod SignOut" time="-1.716872067219E9">
    <skipped/>
  </testcase> <!-- @AfterMethod SignOut -->
  <testcase classname="com.OrangeHRM.basePage.BaseTest" name="@BeforeMethod Login" time="-1.716872067222E9">
    <skipped/>
  </testcase> <!-- @BeforeMethod Login -->
  <testcase classname="com.OrangeHRM.basePage.BaseTest" name="@AfterMethod SignOut" time="-1.716872067226E9">
    <skipped/>
  </testcase> <!-- @AfterMethod SignOut -->
  <testcase classname="com.OrangeHRM.basePage.BaseTest" name="@AfterClass CloseAppn" time="-1.716872067228E9">
    <skipped/>
  </testcase> <!-- @AfterClass CloseAppn -->
  <testcase classname="com.OrangeHRM.TestCases.TestCase1" name="AddEmp" time="0.0">
    <skipped/>
  </testcase> <!-- AddEmp -->
  <testcase classname="com.OrangeHRM.TestCases.TestCase1" name="AddEmp1" time="0.0">
    <skipped/>
  </testcase> <!-- AddEmp1 -->
</testsuite> <!-- Test -->
