<?xml version="1.0" encoding="UTF-8"?>
<testng-results ignored="0" total="2" passed="2" failed="0" skipped="0">
  <reporter-output>
  </reporter-output>
  <suite started-at="2024-05-29T08:45:21 IST" name="Default suite" finished-at="2024-05-29T08:45:36 IST" duration-ms="15374">
    <groups>
    </groups>
    <test started-at="2024-05-29T08:45:21 IST" name="Default test" finished-at="2024-05-29T08:45:36 IST" duration-ms="15374">
      <class name="com.OrangeHRM.TestCases.TestCase1">
        <test-method is-config="true" signature="OpenBrowser()[pri:0, instance:com.OrangeHRM.TestCases.TestCase1@fba92d3]" started-at="2024-05-29T08:45:21 IST" name="OpenBrowser" finished-at="2024-05-29T08:45:24 IST" duration-ms="3495" status="PASS">
          <reporter-output>
          </reporter-output>
        </test-method> <!-- OpenBrowser -->
        <test-method is-config="true" signature="Login()[pri:0, instance:com.OrangeHRM.TestCases.TestCase1@fba92d3]" started-at="2024-05-29T08:45:24 IST" name="Login" finished-at="2024-05-29T08:45:26 IST" duration-ms="1581" status="PASS">
          <reporter-output>
          </reporter-output>
        </test-method> <!-- Login -->
        <test-method signature="AddEmp()[pri:0, instance:com.OrangeHRM.TestCases.TestCase1@fba92d3]" started-at="2024-05-29T08:45:26 IST" name="AddEmp" finished-at="2024-05-29T08:45:30 IST" duration-ms="3720" status="PASS">
          <reporter-output>
          </reporter-output>
        </test-method> <!-- AddEmp -->
        <test-method is-config="true" signature="SignOut(org.testng.ITestResult)[pri:0, instance:com.OrangeHRM.TestCases.TestCase1@fba92d3]" started-at="2024-05-29T08:45:30 IST" name="SignOut" finished-at="2024-05-29T08:45:31 IST" duration-ms="804" status="PASS">
          <params>
            <param index="0">
              <value>
                <![CDATA[[TestResult name=AddEmp status=SUCCESS method=TestCase1.AddEmp()[pri:0, instance:com.OrangeHRM.TestCases.TestCase1@fba92d3] output={null}]]]>
              </value>
            </param>
          </params>
          <reporter-output>
          </reporter-output>
        </test-method> <!-- SignOut -->
        <test-method is-config="true" signature="Login()[pri:0, instance:com.OrangeHRM.TestCases.TestCase1@fba92d3]" started-at="2024-05-29T08:45:31 IST" name="Login" finished-at="2024-05-29T08:45:31 IST" duration-ms="487" status="PASS">
          <reporter-output>
          </reporter-output>
        </test-method> <!-- Login -->
        <test-method signature="AddEmp1()[pri:0, instance:com.OrangeHRM.TestCases.TestCase1@fba92d3]" started-at="2024-05-29T08:45:31 IST" name="AddEmp1" finished-at="2024-05-29T08:45:35 IST" duration-ms="4338" status="PASS">
          <reporter-output>
          </reporter-output>
        </test-method> <!-- AddEmp1 -->
        <test-method is-config="true" signature="SignOut(org.testng.ITestResult)[pri:0, instance:com.OrangeHRM.TestCases.TestCase1@fba92d3]" started-at="2024-05-29T08:45:35 IST" name="SignOut" finished-at="2024-05-29T08:45:36 IST" duration-ms="778" status="PASS">
          <params>
            <param index="0">
              <value>
                <![CDATA[[TestResult name=AddEmp1 status=SUCCESS method=TestCase1.AddEmp1()[pri:0, instance:com.OrangeHRM.TestCases.TestCase1@fba92d3] output={null}]]]>
              </value>
            </param>
          </params>
          <reporter-output>
          </reporter-output>
        </test-method> <!-- SignOut -->
        <test-method is-config="true" signature="CloseAppn()[pri:0, instance:com.OrangeHRM.TestCases.TestCase1@fba92d3]" started-at="2024-05-29T08:45:36 IST" name="CloseAppn" finished-at="2024-05-29T08:45:36 IST" duration-ms="130" status="PASS">
          <reporter-output>
          </reporter-output>
        </test-method> <!-- CloseAppn -->
      </class> <!-- com.OrangeHRM.TestCases.TestCase1 -->
    </test> <!-- Default test -->
  </suite> <!-- Default suite -->
</testng-results>
